SF:lib\src\button\sf_button.dart
DA:63,1
DA:82,1
DA:138,1
DA:140,1
DA:141,1
DA:142,1
DA:145,2
DA:147,2
DA:150,1
DA:151,1
DA:153,1
DA:154,1
DA:157,1
DA:158,1
DA:162,1
DA:163,0
DA:166,1
DA:167,2
DA:169,1
DA:170,1
DA:171,1
DA:173,1
DA:174,3
DA:182,1
DA:183,1
DA:184,1
DA:185,1
DA:186,1
DA:187,2
DA:188,1
DA:189,2
DA:191,2
DA:192,2
DA:193,1
DA:199,1
DA:200,1
DA:201,1
DA:202,1
DA:204,1
DA:206,1
LF:40
LH:39
end_of_record
SF:lib\src\theme\sf_theme.dart
DA:20,0
DA:23,12
DA:32,7
DA:56,8
DA:57,4
DA:61,8
DA:62,4
DA:63,8
DA:67,8
DA:68,4
DA:69,8
DA:73,2
DA:82,2
DA:85,2
DA:86,2
DA:87,2
DA:88,1
DA:90,0
DA:92,2
LF:19
LH:17
end_of_record
SF:lib\src\button\sf_icon_button.dart
DA:77,1
DA:102,1
DA:179,1
DA:181,2
DA:184,2
DA:186,2
DA:191,3
DA:193,1
DA:194,1
DA:196,1
DA:197,1
DA:200,1
DA:201,1
DA:205,1
DA:206,0
DA:209,1
DA:210,2
DA:212,1
DA:213,1
DA:214,1
DA:215,1
DA:216,1
DA:218,2
DA:222,4
DA:231,1
DA:232,2
DA:233,1
DA:234,1
DA:236,1
DA:237,1
DA:238,3
DA:239,0
DA:242,1
DA:243,1
DA:244,1
DA:245,1
DA:246,1
DA:247,1
DA:254,1
DA:255,1
DA:256,1
DA:257,1
DA:258,1
DA:259,2
DA:260,1
DA:261,2
DA:263,0
DA:264,0
DA:265,0
LF:49
LH:44
end_of_record
SF:lib\src\dropdown\sf_dropdown.dart
DA:55,1
DA:95,1
DA:96,1
DA:102,1
DA:104,1
DA:105,3
DA:108,0
DA:110,0
DA:111,0
DA:112,0
DA:116,1
DA:118,1
DA:119,2
DA:121,1
DA:122,1
DA:124,7
DA:126,1
DA:127,1
DA:129,1
DA:130,1
DA:131,1
DA:132,1
DA:133,3
DA:134,2
DA:135,1
DA:136,3
DA:137,2
DA:138,5
DA:139,1
DA:140,1
DA:141,1
DA:142,1
DA:143,1
DA:144,3
DA:146,1
DA:147,1
DA:150,2
DA:151,3
DA:153,1
DA:154,1
DA:155,0
DA:157,1
DA:158,1
DA:159,1
DA:160,1
DA:161,1
DA:168,2
DA:169,3
DA:170,1
DA:171,1
DA:172,1
DA:173,1
DA:174,1
DA:175,1
DA:177,1
DA:178,1
DA:179,3
DA:180,1
DA:181,3
DA:186,1
DA:187,1
DA:189,1
DA:190,1
DA:191,3
DA:214,2
LF:65
LH:60
end_of_record
SF:lib\src\dropdown\sf_dropdown_search.dart
DA:43,2
DA:79,2
DA:80,2
DA:94,2
DA:96,2
DA:97,6
DA:98,6
DA:99,6
DA:102,1
DA:104,1
DA:105,4
DA:106,5
DA:108,4
DA:109,0
DA:113,2
DA:115,6
DA:116,4
DA:117,4
DA:118,2
DA:121,2
DA:122,4
DA:123,4
DA:124,4
DA:125,4
DA:126,4
DA:127,5
DA:128,4
DA:129,1
DA:133,2
DA:134,4
DA:135,4
DA:136,2
DA:137,6
DA:138,4
DA:140,4
DA:142,6
DA:143,4
DA:147,1
DA:148,2
DA:149,2
DA:150,3
DA:153,1
DA:154,4
DA:155,4
DA:156,1
DA:160,2
DA:161,2
DA:162,4
DA:163,10
DA:164,2
DA:165,2
DA:168,2
DA:170,2
DA:171,4
DA:173,2
DA:174,2
DA:176,14
DA:178,2
DA:179,2
DA:181,2
DA:182,2
DA:183,2
DA:184,2
DA:185,2
DA:186,4
DA:187,2
DA:188,6
DA:189,2
DA:190,2
DA:191,2
DA:192,2
DA:193,4
DA:194,4
DA:195,4
DA:196,3
DA:198,2
DA:199,2
DA:203,2
DA:204,2
DA:205,2
DA:206,2
DA:208,2
DA:209,4
DA:211,2
DA:212,2
DA:213,2
DA:214,2
DA:217,4
DA:218,4
DA:219,1
DA:222,2
DA:223,2
DA:224,2
DA:225,2
DA:226,4
DA:237,2
DA:238,2
DA:240,2
DA:241,2
DA:243,6
DA:252,2
DA:253,2
DA:254,2
DA:256,2
DA:257,2
DA:258,2
DA:265,2
DA:266,2
DA:271,2
DA:273,2
DA:274,2
DA:275,4
DA:276,2
DA:277,2
DA:278,4
DA:279,2
DA:280,4
DA:281,2
DA:291,2
DA:315,2
DA:317,2
DA:319,2
DA:321,2
DA:322,2
DA:323,2
DA:324,4
DA:325,4
DA:326,2
DA:327,2
DA:328,2
DA:329,4
DA:332,2
DA:334,2
DA:336,2
DA:338,2
DA:339,2
DA:340,2
DA:341,2
DA:342,2
DA:344,2
DA:345,2
DA:346,6
DA:347,1
DA:349,2
DA:354,2
DA:355,2
DA:357,2
DA:358,2
DA:359,4
DA:361,2
DA:362,2
DA:363,2
DA:364,2
DA:376,2
DA:377,4
DA:378,1
DA:380,1
DA:382,2
DA:386,2
DA:389,4
DA:390,2
DA:391,4
DA:392,6
DA:394,2
DA:395,5
DA:396,2
DA:397,2
DA:402,2
DA:403,2
DA:405,0
DA:408,2
DA:409,2
DA:410,2
DA:411,0
DA:414,2
DA:415,2
DA:416,2
DA:417,2
DA:418,4
DA:419,2
DA:420,2
DA:421,0
DA:423,0
DA:431,2
DA:432,0
DA:434,0
DA:436,0
DA:451,2
DA:452,6
DA:454,2
LF:190
LH:182
end_of_record
SF:lib\src\text_field\sf_password_field.dart
DA:33,1
DA:97,1
DA:98,1
DA:104,1
DA:106,1
DA:107,3
DA:110,1
DA:111,4
DA:114,1
DA:116,4
DA:117,4
DA:120,1
DA:121,2
DA:122,2
DA:123,1
DA:125,2
DA:126,2
DA:127,2
DA:128,2
DA:129,2
DA:130,2
DA:131,1
DA:132,2
DA:133,2
DA:134,1
DA:135,6
DA:136,1
DA:138,3
LF:28
LH:28
end_of_record
SF:lib\src\text_field\sf_text_field.dart
DA:40,1
DA:144,1
DA:146,1
DA:147,1
DA:148,1
DA:149,1
DA:151,1
DA:152,1
DA:153,2
DA:154,1
DA:155,1
DA:156,1
DA:157,1
DA:158,1
DA:159,1
DA:160,1
DA:161,1
DA:162,1
DA:163,1
DA:164,1
DA:165,1
DA:166,1
DA:167,1
DA:168,1
DA:169,1
DA:170,2
DA:171,2
DA:172,1
DA:173,1
LF:29
LH:29
end_of_record
