SF:lib\src\button\widgets\_sf_button_widget.dart
DA:27,1
DA:76,1
DA:121,1
DA:122,1
DA:133,1
DA:135,1
DA:136,1
DA:139,1
DA:140,2
DA:142,2
DA:145,5
DA:146,4
DA:152,0
DA:154,0
DA:155,0
DA:156,0
DA:158,0
DA:159,0
DA:160,0
DA:165,1
DA:167,2
DA:168,1
DA:171,1
DA:172,4
DA:173,0
DA:174,0
DA:175,0
DA:178,1
DA:179,4
DA:180,0
DA:182,0
DA:185,0
DA:186,0
DA:187,0
DA:190,0
DA:192,1
DA:193,2
DA:194,4
DA:195,1
DA:196,1
DA:197,2
DA:199,1
DA:200,2
DA:201,2
DA:202,2
DA:203,2
DA:204,2
DA:205,2
DA:206,2
DA:207,2
DA:208,2
DA:209,2
DA:210,2
DA:214,1
DA:216,1
DA:218,3
DA:219,3
DA:220,1
DA:221,1
DA:222,1
DA:223,1
DA:225,1
DA:226,2
DA:227,3
DA:232,4
DA:235,1
DA:236,0
DA:237,2
DA:238,0
DA:246,1
DA:247,1
DA:248,2
DA:249,2
DA:252,1
DA:253,2
DA:254,1
DA:257,1
DA:258,0
DA:259,0
DA:260,1
DA:261,1
DA:262,1
DA:263,1
DA:264,1
DA:267,1
DA:269,1
DA:270,2
DA:271,2
DA:272,1
DA:277,1
DA:279,1
DA:280,6
DA:281,6
DA:283,1
DA:284,1
DA:285,1
DA:287,1
DA:288,2
DA:290,1
DA:291,2
DA:292,1
DA:293,1
DA:294,2
DA:295,1
DA:297,2
DA:298,1
DA:299,2
DA:300,2
DA:301,2
DA:305,1
DA:307,2
DA:308,1
DA:309,2
DA:310,3
DA:312,2
DA:313,2
DA:314,2
DA:315,2
LF:118
LH:98
end_of_record
SF:lib\src\button\widgets\_sf_icon_button_widget.dart
DA:26,1
DA:80,1
DA:129,1
DA:130,1
DA:141,1
DA:143,1
DA:144,1
DA:147,1
DA:148,2
DA:150,2
DA:153,5
DA:154,4
DA:160,0
DA:162,0
DA:163,0
DA:164,0
DA:166,0
DA:167,0
DA:168,0
DA:173,1
DA:175,2
DA:176,1
DA:179,0
DA:180,0
DA:181,0
DA:182,0
DA:183,0
DA:186,0
DA:187,0
DA:188,0
DA:190,0
DA:193,0
DA:194,0
DA:195,0
DA:198,0
DA:200,1
DA:201,2
DA:202,4
DA:203,1
DA:204,1
DA:205,2
DA:207,1
DA:208,2
DA:209,2
DA:210,2
DA:211,2
DA:212,2
DA:213,2
DA:214,2
DA:215,2
DA:216,2
DA:217,2
DA:218,2
DA:219,2
DA:220,2
DA:221,2
DA:225,1
DA:227,1
DA:229,1
DA:230,1
DA:231,1
DA:232,1
DA:233,1
DA:234,1
DA:235,1
DA:236,3
DA:238,1
DA:239,2
DA:240,3
DA:245,4
DA:248,1
DA:249,0
DA:250,2
DA:251,0
DA:254,3
DA:256,3
DA:262,1
DA:263,1
DA:264,2
DA:265,2
DA:268,1
DA:269,2
DA:270,1
DA:273,1
DA:274,0
DA:275,0
DA:276,1
DA:277,1
DA:278,1
DA:279,1
DA:280,1
DA:283,1
DA:285,1
DA:286,2
DA:287,2
DA:288,1
DA:293,1
DA:295,1
DA:296,6
DA:297,6
DA:299,1
DA:300,1
DA:301,1
DA:302,1
DA:303,1
DA:304,2
DA:305,1
DA:306,1
DA:307,2
DA:308,1
DA:310,2
DA:311,1
DA:312,2
DA:313,2
DA:314,2
DA:318,1
DA:320,2
DA:321,1
DA:322,2
DA:323,2
DA:324,3
DA:328,2
DA:330,2
DA:331,2
LF:124
LH:100
end_of_record
SF:lib\src\button\widgets\sf_button_shared_widgets.dart
DA:9,2
DA:21,2
DA:23,2
DA:24,2
DA:25,2
DA:26,2
DA:27,4
DA:28,2
DA:29,4
DA:31,2
DA:32,2
DA:33,1
DA:45,1
DA:63,1
DA:65,1
DA:67,1
DA:69,1
DA:73,1
DA:74,1
DA:77,2
DA:80,0
DA:83,0
DA:84,0
DA:85,0
DA:86,0
DA:88,0
DA:89,0
DA:90,0
DA:91,0
DA:103,1
DA:127,1
DA:129,1
DA:130,1
DA:132,1
DA:133,1
DA:134,1
DA:135,1
DA:139,4
DA:140,2
DA:143,4
DA:144,0
DA:145,0
DA:148,0
DA:149,0
DA:150,0
DA:151,0
DA:152,0
DA:153,0
DA:154,0
DA:155,0
DA:156,0
DA:163,2
DA:164,1
DA:165,2
DA:167,1
DA:168,3
DA:169,1
DA:170,0
DA:171,1
DA:172,0
DA:173,0
DA:174,0
DA:175,0
LF:63
LH:38
end_of_record
SF:lib\src\button\utils\sf_button_utils.dart
DA:5,0
DA:7,0
DA:9,0
DA:10,0
DA:11,0
DA:12,0
DA:13,0
DA:14,0
DA:15,0
DA:16,0
LF:10
LH:0
end_of_record
SF:lib\src\button\models\sf_icon_button_theme.dart
DA:29,1
DA:47,1
DA:76,0
DA:94,0
DA:95,0
DA:96,0
DA:97,0
DA:98,0
DA:99,0
DA:100,0
DA:101,0
DA:102,0
DA:103,0
DA:104,0
DA:105,0
DA:106,0
DA:107,0
DA:108,0
DA:109,0
DA:110,0
DA:115,0
DA:122,0
DA:132,0
DA:133,0
DA:134,0
DA:135,0
DA:136,0
DA:137,0
DA:138,0
DA:139,0
DA:140,0
DA:141,0
DA:142,0
DA:143,0
DA:144,0
DA:145,0
DA:146,0
DA:147,0
DA:148,0
DA:149,0
LF:40
LH:2
end_of_record
SF:lib\src\button\models\sf_button_theme.dart
DA:26,1
DA:41,1
DA:86,0
DA:101,0
DA:102,0
DA:103,0
DA:104,0
DA:105,0
DA:106,0
DA:107,0
DA:108,0
DA:109,0
DA:110,0
DA:111,0
DA:112,0
DA:113,0
DA:114,0
DA:119,0
DA:125,0
DA:134,0
DA:135,0
DA:136,0
DA:137,0
DA:138,0
DA:139,0
DA:140,0
DA:141,0
DA:142,0
DA:143,0
DA:144,0
DA:145,0
DA:146,0
DA:147,0
DA:148,0
LF:34
LH:2
end_of_record
SF:lib\src\theme\sf_theme.dart
DA:20,0
DA:23,12
DA:32,7
DA:56,2
DA:57,1
DA:61,2
DA:62,1
DA:63,2
DA:67,2
DA:68,1
DA:69,2
DA:73,1
DA:82,1
DA:85,1
DA:86,1
DA:87,1
DA:88,0
DA:90,0
DA:92,1
LF:19
LH:16
end_of_record
SF:lib\src\dropdown\models\sf_dropdown_theme.dart
DA:31,7
DA:84,0
DA:98,0
DA:99,0
DA:100,0
DA:101,0
DA:102,0
DA:103,0
DA:104,0
DA:105,0
DA:106,0
DA:107,0
DA:108,0
DA:109,0
DA:110,0
DA:115,0
DA:120,0
DA:128,0
DA:129,0
DA:130,0
DA:131,0
DA:132,0
DA:133,0
DA:134,0
DA:135,0
DA:136,0
DA:137,0
DA:138,0
DA:139,0
DA:140,0
DA:141,0
DA:151,0
DA:197,0
DA:210,0
DA:211,0
DA:212,0
DA:213,0
DA:214,0
DA:215,0
DA:216,0
DA:217,0
DA:218,0
DA:219,0
DA:220,0
DA:221,0
LF:45
LH:1
end_of_record
SF:lib\src\dropdown\widgets\_sf_dropdown_field.dart
DA:53,1
DA:125,1
DA:126,1
DA:140,1
DA:142,1
DA:143,3
DA:144,2
DA:146,2
DA:148,2
DA:149,1
DA:155,0
DA:157,0
DA:158,0
DA:159,0
DA:163,1
DA:165,2
DA:166,1
DA:169,0
DA:170,0
DA:171,0
DA:172,0
DA:173,0
DA:174,0
DA:177,0
DA:178,0
DA:179,0
DA:180,0
DA:183,0
DA:184,0
DA:185,0
DA:186,0
DA:189,0
DA:190,0
DA:191,0
DA:193,0
DA:194,0
DA:195,0
DA:196,0
DA:197,0
DA:198,0
DA:199,0
DA:200,0
DA:207,1
DA:208,4
DA:209,0
DA:211,2
DA:212,1
DA:213,3
DA:214,0
DA:216,2
DA:220,1
DA:221,1
DA:224,1
DA:225,1
DA:226,1
DA:227,1
DA:228,1
DA:232,1
DA:233,0
DA:234,0
DA:235,0
DA:236,0
DA:237,0
DA:241,2
DA:242,1
DA:243,1
DA:244,1
DA:245,2
DA:246,1
DA:250,1
DA:251,1
DA:252,1
DA:253,2
DA:254,1
DA:259,1
DA:260,1
DA:261,2
DA:262,5
DA:263,1
DA:264,1
DA:267,1
DA:269,1
DA:270,2
DA:272,1
DA:273,1
DA:275,7
DA:277,1
DA:278,2
DA:279,2
DA:281,1
DA:283,1
DA:284,1
DA:285,1
DA:286,1
DA:287,1
DA:288,0
DA:289,0
DA:290,0
DA:291,0
DA:292,0
DA:297,0
DA:298,0
DA:299,0
DA:301,0
DA:302,0
DA:303,0
DA:304,0
DA:305,0
DA:306,0
DA:307,0
DA:308,0
DA:310,0
DA:311,0
DA:316,1
DA:317,2
DA:318,1
DA:319,1
DA:321,1
DA:322,2
DA:324,3
DA:325,1
DA:326,1
DA:327,1
DA:328,2
DA:329,2
DA:330,1
DA:331,1
DA:333,1
DA:334,1
DA:335,2
DA:336,2
DA:337,1
DA:338,0
DA:340,1
DA:341,0
DA:343,2
DA:344,3
DA:345,1
DA:347,1
DA:348,1
DA:349,2
DA:350,1
DA:351,1
DA:358,1
DA:361,3
DA:362,2
DA:363,2
DA:364,1
DA:366,1
DA:367,1
DA:368,1
DA:369,1
DA:370,1
DA:371,2
DA:383,1
DA:384,1
DA:386,1
DA:387,1
DA:388,1
DA:389,2
LF:160
LH:104
end_of_record
SF:lib\src\dropdown\widgets\_sf_dropdown_search_field.dart
DA:53,2
DA:122,2
DA:123,2
DA:141,2
DA:143,2
DA:144,6
DA:145,6
DA:146,6
DA:148,4
DA:150,4
DA:152,4
DA:153,2
DA:159,1
DA:161,1
DA:162,4
DA:163,5
DA:165,4
DA:166,0
DA:170,2
DA:172,6
DA:173,4
DA:174,4
DA:175,4
DA:176,2
DA:179,2
DA:180,4
DA:181,4
DA:182,4
DA:183,4
DA:184,4
DA:185,5
DA:186,4
DA:187,1
DA:191,2
DA:192,4
DA:193,4
DA:194,2
DA:195,6
DA:196,4
DA:198,4
DA:199,4
DA:200,2
DA:201,6
DA:202,4
DA:206,1
DA:207,2
DA:208,2
DA:209,2
DA:210,4
DA:213,1
DA:214,4
DA:215,4
DA:216,1
DA:219,2
DA:220,4
DA:221,2
DA:223,0
DA:224,0
DA:225,0
DA:226,0
DA:227,0
DA:228,0
DA:229,0
DA:230,0
DA:236,2
DA:237,6
DA:238,4
DA:239,6
DA:240,6
DA:241,4
DA:245,2
DA:246,2
DA:248,2
DA:249,2
DA:250,2
DA:251,4
DA:254,2
DA:255,2
DA:256,2
DA:257,2
DA:258,4
DA:259,2
DA:262,4
DA:263,1
DA:264,1
DA:265,1
DA:266,2
DA:267,1
DA:270,2
DA:271,2
DA:272,2
DA:273,4
DA:274,2
DA:278,2
DA:279,2
DA:280,4
DA:281,10
DA:282,2
DA:283,2
DA:286,2
DA:288,2
DA:289,4
DA:291,2
DA:292,2
DA:294,14
DA:296,2
DA:297,4
DA:298,4
DA:300,2
DA:302,2
DA:303,2
DA:304,2
DA:305,2
DA:306,2
DA:307,4
DA:308,2
DA:309,2
DA:310,2
DA:311,2
DA:316,2
DA:317,2
DA:318,4
DA:320,2
DA:321,2
DA:322,2
DA:323,2
DA:324,4
DA:325,4
DA:326,4
DA:327,2
DA:328,2
DA:329,4
DA:330,4
DA:332,4
DA:333,4
DA:338,2
DA:339,6
DA:340,2
DA:341,2
DA:342,2
DA:343,4
DA:345,6
DA:346,2
DA:347,2
DA:348,2
DA:349,4
DA:350,2
DA:351,2
DA:352,2
DA:354,2
DA:355,2
DA:356,4
DA:357,4
DA:358,2
DA:359,0
DA:361,2
DA:362,0
DA:364,4
DA:365,3
DA:366,1
DA:368,2
DA:369,2
DA:370,4
DA:371,2
DA:372,2
DA:379,2
DA:382,6
DA:383,4
DA:384,2
DA:385,2
DA:387,2
DA:388,2
DA:389,2
DA:390,2
DA:391,6
DA:402,2
DA:403,2
DA:405,2
DA:406,2
DA:407,2
DA:408,4
LF:181
LH:170
end_of_record
SF:lib\src\dropdown\widgets\_sf_dropdown_panel.dart
DA:9,2
DA:46,2
DA:48,2
DA:50,0
DA:51,2
DA:53,4
DA:54,0
DA:55,0
DA:56,0
DA:58,2
DA:60,2
DA:62,2
DA:63,4
DA:64,2
DA:65,2
DA:66,2
DA:67,2
DA:69,0
DA:72,2
DA:74,2
DA:76,6
DA:77,2
DA:79,2
DA:80,2
DA:81,2
DA:82,2
DA:84,0
DA:91,2
DA:92,4
DA:93,1
DA:94,1
DA:96,1
DA:98,0
DA:99,2
DA:103,2
DA:106,4
DA:107,2
DA:108,4
DA:109,6
DA:111,2
DA:112,0
DA:113,0
DA:114,0
DA:116,0
DA:120,2
DA:124,3
DA:135,2
DA:137,2
DA:138,2
DA:147,2
DA:148,2
DA:149,2
DA:152,2
DA:153,0
DA:155,2
DA:156,8
DA:157,2
DA:158,2
DA:159,2
DA:160,2
DA:165,0
DA:166,0
DA:167,0
DA:168,0
DA:169,0
DA:175,0
DA:177,0
DA:178,0
DA:179,0
DA:180,0
DA:181,0
DA:187,0
DA:189,0
DA:190,0
DA:191,0
DA:192,0
DA:194,0
DA:200,0
DA:202,0
DA:203,0
DA:204,0
DA:205,0
DA:207,0
DA:208,0
DA:209,0
DA:217,0
DA:218,0
DA:219,0
DA:222,2
DA:223,6
DA:224,2
DA:233,2
DA:245,2
DA:247,2
DA:248,2
DA:249,2
DA:250,2
DA:251,2
DA:253,2
DA:254,2
DA:255,6
DA:256,1
DA:258,2
DA:263,2
DA:264,4
DA:266,2
DA:267,4
DA:268,4
DA:270,2
DA:271,4
DA:272,4
DA:287,2
DA:299,2
DA:301,2
DA:302,2
DA:304,0
DA:305,4
DA:307,2
DA:309,2
DA:310,6
DA:312,2
DA:313,2
DA:316,2
DA:318,2
DA:319,2
DA:321,2
DA:322,2
DA:323,4
DA:324,0
DA:327,2
DA:328,4
DA:329,2
DA:330,4
DA:331,6
DA:332,4
DA:333,0
DA:334,2
DA:337,2
DA:343,4
DA:344,2
DA:345,1
LF:141
LH:98
end_of_record
SF:lib\src\dropdown\utils\sf_dropdown_constants.dart
DA:5,0
LF:1
LH:0
end_of_record
SF:lib\src\dropdown\models\sf_dropdown_item.dart
DA:24,2
LF:1
LH:1
end_of_record
SF:lib\src\pin\widgets\sf_widgets.dart
DA:8,1
DA:13,1
DA:23,1
DA:29,1
DA:31,5
DA:32,4
DA:33,1
DA:35,1
DA:36,2
DA:39,2
DA:40,1
DA:41,4
DA:42,1
DA:46,1
DA:47,1
DA:54,1
DA:56,1
DA:57,3
DA:64,1
DA:69,1
DA:70,1
DA:77,1
DA:79,1
DA:80,1
DA:83,1
DA:84,2
DA:89,3
DA:90,1
DA:91,2
DA:94,2
DA:97,1
DA:99,2
DA:100,1
DA:103,1
DA:105,1
DA:106,1
DA:107,5
LF:37
LH:37
end_of_record
SF:lib\src\pin\widgets\_sf_pin_item.dart
DA:7,1
DA:12,1
DA:14,2
DA:16,1
DA:17,1
DA:18,1
DA:19,1
DA:20,1
DA:21,1
DA:22,1
DA:23,1
DA:24,3
DA:25,3
DA:26,3
DA:27,1
DA:28,3
DA:29,3
DA:30,3
DA:31,1
DA:32,2
DA:38,1
DA:39,2
DA:41,1
DA:42,0
DA:43,1
DA:44,4
DA:45,1
DA:46,4
DA:47,1
DA:48,4
DA:49,1
DA:50,4
DA:51,0
DA:52,0
DA:56,1
DA:57,3
DA:59,1
DA:60,1
DA:62,1
DA:63,2
DA:64,4
DA:65,2
DA:68,3
DA:69,0
DA:72,1
DA:73,4
DA:75,1
DA:79,2
DA:81,6
DA:83,5
DA:86,1
DA:89,3
DA:90,0
DA:93,2
DA:96,1
DA:97,3
DA:98,1
DA:99,1
DA:100,3
DA:104,0
DA:105,0
DA:106,0
DA:110,1
DA:111,1
DA:115,3
DA:116,1
DA:118,1
DA:119,0
DA:123,1
DA:124,1
DA:128,0
DA:129,0
DA:130,0
DA:132,0
DA:134,0
DA:137,0
DA:138,0
LF:77
LH:61
end_of_record
SF:lib\src\pin\models\sf_models.dart
DA:33,0
DA:50,0
LF:2
LH:0
end_of_record
SF:lib\src\pin\utils\sf_pin_code_utils_mixin.dart
DA:4,1
DA:6,1
DA:8,0
DA:9,0
DA:11,0
DA:12,0
DA:14,0
DA:15,0
DA:17,0
DA:18,0
DA:20,0
DA:21,0
DA:26,0
DA:27,0
DA:28,0
LF:15
LH:2
end_of_record
SF:lib\src\pin\utils\sf_pin_code_constants.dart
DA:5,0
LF:1
LH:0
end_of_record
SF:lib\src\pin\sf_pin_code_state.dart
DA:9,1
DA:21,1
DA:22,2
DA:24,1
DA:25,2
DA:27,1
DA:28,2
DA:38,0
DA:40,1
DA:41,3
DA:44,1
DA:45,3
DA:46,0
DA:47,0
DA:51,1
DA:52,4
DA:54,1
DA:56,4
DA:58,1
DA:59,3
DA:61,1
DA:62,2
DA:64,6
DA:66,3
DA:68,2
DA:70,3
DA:72,5
DA:74,1
DA:76,1
DA:77,1
DA:78,1
DA:79,2
DA:80,4
DA:81,4
DA:83,1
DA:84,1
DA:87,5
DA:88,1
DA:89,1
DA:91,3
DA:95,1
DA:96,3
DA:97,0
DA:98,0
DA:102,0
DA:103,0
DA:104,0
DA:105,0
DA:108,0
DA:109,0
DA:113,1
DA:115,6
DA:116,3
DA:118,2
DA:122,1
DA:123,3
DA:124,1
DA:125,3
DA:126,1
DA:127,1
DA:131,1
DA:132,3
DA:133,1
DA:137,1
DA:138,2
DA:139,2
DA:143,1
DA:145,1
DA:146,3
DA:149,0
DA:151,0
DA:152,0
DA:153,0
DA:154,0
DA:155,0
DA:156,0
DA:157,0
DA:158,0
DA:161,0
DA:162,0
DA:163,0
DA:166,0
DA:169,1
DA:171,1
DA:172,1
DA:176,1
DA:177,1
DA:178,2
DA:181,1
DA:182,1
DA:183,1
DA:184,1
DA:185,0
DA:186,3
DA:187,1
DA:188,0
DA:192,1
DA:194,4
DA:195,3
DA:196,2
DA:197,2
DA:198,1
DA:200,3
DA:201,1
DA:204,1
DA:205,2
DA:206,2
DA:210,1
DA:215,5
DA:216,4
DA:217,0
DA:219,2
DA:220,2
DA:223,3
DA:224,1
DA:225,1
DA:226,1
DA:227,1
DA:228,1
DA:229,1
DA:230,1
DA:231,1
DA:232,3
DA:237,3
DA:238,1
DA:239,1
DA:240,1
DA:242,0
DA:243,0
DA:244,0
DA:245,0
DA:246,0
DA:253,0
DA:254,0
DA:255,0
DA:259,0
DA:260,0
DA:261,0
DA:265,0
DA:267,0
DA:268,0
DA:272,1
DA:273,2
DA:274,0
DA:275,0
DA:276,0
DA:281,1
DA:282,2
DA:283,3
DA:287,1
DA:289,1
DA:290,1
DA:291,1
DA:292,3
DA:295,2
DA:296,0
DA:299,1
DA:300,2
DA:302,2
DA:304,1
DA:305,1
DA:306,0
DA:307,0
DA:309,1
DA:310,0
DA:311,0
DA:312,0
DA:313,0
DA:314,0
DA:315,0
DA:319,1
DA:320,0
DA:321,1
DA:322,1
DA:324,0
DA:325,0
DA:326,0
DA:328,0
DA:329,0
DA:330,0
DA:331,0
DA:332,0
DA:333,0
DA:334,0
DA:340,1
DA:341,1
DA:342,1
DA:343,2
DA:344,1
DA:345,1
DA:346,1
DA:347,0
DA:348,0
DA:349,1
DA:350,1
DA:351,3
DA:352,1
DA:353,1
DA:354,2
DA:355,2
DA:356,1
DA:357,1
DA:358,3
DA:360,1
DA:361,0
DA:362,0
DA:363,0
DA:364,0
DA:365,0
DA:366,0
DA:372,2
DA:374,1
DA:376,1
DA:378,1
DA:379,1
DA:381,1
DA:393,1
DA:397,1
DA:398,2
DA:399,1
DA:400,2
DA:405,1
DA:406,1
DA:407,1
DA:408,1
DA:409,1
DA:412,1
DA:413,1
DA:414,3
DA:422,2
DA:423,2
DA:424,2
DA:425,2
DA:427,2
DA:428,2
DA:429,1
DA:430,3
DA:431,1
DA:433,2
DA:434,2
DA:436,1
DA:438,2
DA:443,1
DA:444,2
DA:445,2
DA:449,2
DA:450,2
DA:451,2
DA:452,2
DA:453,1
DA:454,1
DA:455,5
DA:457,2
DA:459,5
DA:466,1
DA:468,1
DA:470,2
DA:474,2
DA:476,1
DA:478,3
DA:480,1
DA:485,0
DA:486,0
DA:487,0
DA:488,0
DA:490,0
DA:493,1
DA:494,1
DA:498,1
DA:502,7
DA:506,2
DA:513,1
DA:514,1
DA:515,1
DA:516,2
DA:517,2
DA:518,5
DA:519,2
DA:520,0
DA:521,0
DA:522,0
DA:523,0
DA:525,0
DA:530,1
DA:531,1
DA:535,1
DA:536,1
DA:537,1
DA:538,3
DA:540,1
DA:542,4
DA:544,1
DA:546,0
DA:547,0
DA:549,0
DA:550,0
DA:551,0
DA:552,0
DA:553,0
DA:562,1
DA:564,4
DA:565,2
DA:566,2
DA:569,1
DA:571,1
DA:572,0
DA:575,0
DA:576,0
DA:577,0
DA:578,0
DA:581,0
DA:582,0
DA:583,0
DA:585,0
DA:586,0
DA:587,0
DA:588,0
DA:589,0
DA:599,0
DA:601,0
DA:603,1
DA:606,3
DA:608,1
DA:609,1
DA:611,2
DA:615,2
DA:616,1
LF:327
LH:223
end_of_record
SF:lib\src\pin\widgets\_sf_pin_code_selection_gesture_detector_builder.dart
DA:5,1
DA:7,1
DA:11,0
DA:13,0
DA:14,0
DA:15,0
DA:19,1
DA:21,1
DA:22,2
DA:23,2
DA:24,4
DA:27,1
DA:29,1
DA:30,4
DA:33,1
DA:35,1
DA:36,2
DA:37,4
DA:38,1
DA:39,1
DA:41,1
DA:42,0
DA:43,0
DA:44,0
DA:45,3
LF:25
LH:18
end_of_record
SF:lib\src\pin\models\sf_pin_theme.dart
DA:51,3
DA:62,0
DA:63,0
DA:64,0
DA:65,0
DA:66,0
DA:67,0
DA:68,0
DA:69,0
DA:70,0
DA:75,1
DA:84,1
DA:85,1
DA:86,1
DA:87,1
DA:88,1
DA:89,0
DA:90,1
DA:91,1
DA:96,1
DA:106,1
DA:107,1
DA:108,2
DA:122,0
DA:123,0
DA:124,0
DA:125,0
LF:27
LH:13
end_of_record
SF:lib\src\pin\sf_pin_code.dart
DA:52,1
DA:118,3
DA:119,2
DA:121,2
DA:128,0
DA:172,0
DA:174,0
DA:177,0
DA:463,1
DA:467,1
DA:472,1
DA:473,1
DA:475,0
DA:477,0
DA:478,0
DA:479,0
DA:481,0
DA:485,0
DA:486,0
DA:488,0
DA:492,0
DA:493,0
DA:495,0
DA:499,0
DA:500,0
DA:502,0
DA:506,0
DA:507,0
DA:509,0
DA:513,0
DA:514,0
DA:516,0
DA:520,0
DA:521,0
DA:523,0
DA:527,0
DA:528,0
DA:530,0
DA:534,0
DA:535,0
DA:537,0
DA:542,0
DA:543,0
DA:544,0
DA:546,0
DA:550,0
DA:551,0
DA:553,0
DA:557,0
DA:558,0
DA:560,0
DA:564,0
DA:565,0
DA:567,0
DA:571,0
DA:572,0
DA:574,0
DA:578,0
DA:579,0
DA:581,0
DA:585,0
DA:586,0
DA:588,0
DA:589,0
DA:591,0
DA:595,0
DA:596,0
DA:598,0
DA:602,0
DA:603,0
DA:605,0
DA:606,0
DA:608,0
DA:612,0
DA:613,0
DA:615,0
DA:619,0
DA:620,0
DA:622,0
DA:627,0
DA:628,0
DA:630,0
DA:634,0
DA:635,0
DA:637,0
DA:641,0
DA:642,0
DA:644,0
DA:648,0
DA:649,0
DA:651,0
DA:655,0
DA:656,0
DA:658,0
DA:662,0
DA:663,0
DA:665,0
DA:670,0
DA:671,0
DA:672,0
DA:674,0
DA:675,0
DA:677,0
DA:681,0
DA:682,0
DA:684,0
DA:685,0
DA:687,0
DA:691,0
DA:692,0
DA:694,0
DA:698,0
DA:699,0
DA:701,0
DA:705,0
DA:706,0
DA:708,0
DA:712,0
DA:713,0
DA:715,0
DA:719,0
DA:720,0
DA:722,0
DA:726,0
DA:727,0
DA:729,0
DA:733,0
DA:734,0
DA:736,0
DA:740,0
DA:741,0
DA:743,0
DA:747,0
DA:748,0
DA:750,0
DA:754,0
DA:755,0
DA:757,0
DA:761,0
DA:762,0
DA:764,0
DA:768,0
DA:769,0
DA:771,0
DA:775,0
DA:776,0
DA:778,0
DA:782,0
DA:783,0
DA:785,0
DA:789,0
DA:790,0
DA:792,0
DA:796,0
DA:797,0
DA:799,0
DA:803,0
DA:804,0
DA:806,0
DA:810,0
DA:811,0
DA:813,0
DA:817,0
DA:818,0
DA:820,0
DA:824,0
DA:825,0
DA:827,0
DA:831,0
DA:832,0
DA:834,0
LF:171
LH:8
end_of_record
SF:lib\src\pin\utils\sf_extensions.dart
DA:16,3
DA:19,1
DA:20,1
DA:21,1
DA:25,0
DA:26,0
DA:27,0
DA:28,0
DA:29,0
DA:33,0
DA:34,0
DA:35,0
DA:36,0
DA:40,1
DA:41,3
LF:15
LH:6
end_of_record
SF:lib\src\text_field\widgets\_sf_password_field_widget.dart
DA:43,1
DA:101,0
DA:183,1
DA:184,1
DA:196,3
DA:197,3
DA:198,0
DA:199,0
DA:200,3
DA:201,3
DA:202,6
DA:203,2
DA:204,5
DA:206,1
DA:208,1
DA:209,3
DA:210,4
DA:211,3
DA:214,1
DA:215,5
DA:216,5
DA:219,5
DA:221,1
DA:223,3
DA:224,4
DA:225,1
DA:228,4
DA:230,1
DA:232,4
DA:233,4
DA:237,2
DA:238,0
DA:240,0
DA:242,0
DA:243,0
DA:244,0
DA:245,0
DA:246,0
DA:251,1
DA:253,1
DA:254,1
DA:255,5
DA:256,1
DA:258,1
DA:261,1
DA:264,1
DA:265,1
DA:266,2
DA:267,2
DA:268,1
DA:269,1
DA:270,1
DA:271,1
DA:273,1
DA:275,1
DA:277,2
DA:279,1
DA:280,1
DA:281,2
DA:282,2
DA:284,1
DA:286,3
DA:289,2
DA:290,0
DA:295,1
DA:300,1
DA:301,2
DA:302,1
DA:303,1
DA:305,1
DA:306,3
DA:307,3
DA:308,1
DA:309,2
DA:310,1
DA:311,1
DA:317,2
DA:318,2
DA:319,2
DA:320,2
DA:321,3
DA:322,2
LF:82
LH:71
end_of_record
SF:lib\src\text_field\utils\sf_text_field_utils.dart
DA:5,2
DA:7,2
DA:9,0
DA:10,0
DA:11,0
DA:12,0
DA:13,0
DA:14,0
DA:15,0
DA:16,0
LF:10
LH:2
end_of_record
SF:lib\src\text_field\utils\sf_field_theme_resolver.dart
DA:29,2
DA:30,3
DA:31,2
DA:32,4
DA:33,4
DA:34,2
DA:41,2
DA:55,2
DA:59,2
DA:61,2
DA:62,2
DA:64,0
DA:66,4
DA:68,4
DA:71,2
DA:72,2
DA:73,2
DA:76,2
DA:79,2
DA:80,2
DA:82,2
DA:90,2
DA:91,2
DA:92,1
DA:93,2
DA:97,4
DA:101,0
LF:27
LH:25
end_of_record
SF:lib\src\text_field\widgets\_sf_text_field_widget.dart
DA:46,1
DA:116,0
DA:213,1
DA:214,1
DA:225,3
DA:226,3
DA:227,0
DA:228,3
DA:229,3
DA:230,3
DA:231,6
DA:232,2
DA:233,5
DA:235,1
DA:237,1
DA:238,4
DA:239,3
DA:242,1
DA:243,5
DA:244,5
DA:247,1
DA:249,3
DA:250,4
DA:251,1
DA:254,4
DA:256,1
DA:259,2
DA:260,0
DA:261,0
DA:265,1
DA:268,1
DA:271,1
DA:272,1
DA:273,2
DA:274,2
DA:275,1
DA:276,1
DA:277,1
DA:278,1
DA:280,1
DA:281,1
DA:283,2
DA:284,2
DA:285,1
DA:286,1
DA:287,2
DA:288,2
DA:289,2
DA:290,2
DA:291,1
DA:293,3
DA:296,2
DA:297,0
DA:302,1
DA:306,1
DA:307,2
DA:308,1
DA:309,2
DA:311,1
DA:312,3
DA:313,3
DA:314,1
DA:315,2
DA:316,1
DA:317,1
DA:323,3
DA:324,4
DA:325,2
DA:326,1
DA:327,2
DA:329,2
DA:331,2
DA:332,2
DA:333,2
DA:334,2
DA:335,2
DA:336,2
DA:337,2
DA:339,4
DA:340,2
DA:341,2
DA:345,1
LF:82
LH:77
end_of_record
SF:lib\src\text_field\models\sf_field_theme.dart
DA:32,7
DA:85,0
DA:99,0
DA:100,0
DA:101,0
DA:102,0
DA:103,0
DA:104,0
DA:105,0
DA:106,0
DA:107,0
DA:108,0
DA:109,0
DA:110,0
DA:111,0
DA:116,0
DA:121,0
DA:129,0
DA:130,0
DA:131,0
DA:132,0
DA:133,0
DA:134,0
DA:135,0
DA:136,0
DA:137,0
DA:138,0
DA:139,0
DA:140,0
DA:141,0
DA:142,0
LF:31
LH:1
end_of_record
SF:lib\src\pin\models\sf_sms_retriever.dart
LF:0
LH:0
end_of_record
